Flow report for mips_cpu
Mon Apr 23 20:01:56 2012
Quartus II 32-bit Version 11.1 Build 173 11/01/2011 SJ Web Edition


---------------------
; Table of Contents ;
---------------------
  1. Legal Notice
  2. Flow Summary
  3. Flow Settings
  4. Flow Non-Default Global Settings
  5. Flow Elapsed Time
  6. Flow OS Summary
  7. Flow Log



----------------
; Legal Notice ;
----------------
Copyright (C) 1991-2011 Altera Corporation
Your use of Altera Corporation's design tools, logic functions 
and other software and tools, and its AMPP partner logic 
functions, and any output files from any of the foregoing 
(including device programming or simulation files), and any 
associated documentation or information are expressly subject 
to the terms and conditions of the Altera Program License 
Subscription Agreement, Altera MegaCore Function License 
Agreement, or other applicable license agreement, including, 
without limitation, that your use is for the sole purpose of 
programming logic devices manufactured by Altera and sold by 
Altera or its authorized distributors.  Please refer to the 
applicable agreement for further details.



+-------------------------------------------------------------------------------+
; Flow Summary                                                                  ;
+------------------------------------+------------------------------------------+
; Flow Status                        ; Successful - Mon Apr 23 20:01:56 2012    ;
; Quartus II 32-bit Version          ; 11.1 Build 173 11/01/2011 SJ Web Edition ;
; Revision Name                      ; mips_cpu                                 ;
; Top-level Entity Name              ; mips_cpu                                 ;
; Family                             ; Cyclone II                               ;
; Device                             ; EP2C35F672C6                             ;
; Timing Models                      ; Final                                    ;
; Total logic elements               ; 16,751 / 33,216 ( 50 % )                 ;
;     Total combinational functions  ; 12,866 / 33,216 ( 39 % )                 ;
;     Dedicated logic registers      ; 10,790 / 33,216 ( 32 % )                 ;
; Total registers                    ; 10790                                    ;
; Total pins                         ; 216 / 475 ( 45 % )                       ;
; Total virtual pins                 ; 0                                        ;
; Total memory bits                  ; 448 / 483,840 ( < 1 % )                  ;
; Embedded Multiplier 9-bit elements ; 0 / 70 ( 0 % )                           ;
; Total PLLs                         ; 1 / 4 ( 25 % )                           ;
+------------------------------------+------------------------------------------+


+-----------------------------------------+
; Flow Settings                           ;
+-------------------+---------------------+
; Option            ; Setting             ;
+-------------------+---------------------+
; Start date & time ; 04/23/2012 19:57:14 ;
; Main task         ; Compilation         ;
; Revision Name     ; mips_cpu            ;
+-------------------+---------------------+


+----------------------------------------------------------------------------------------------------------------------+
; Flow Non-Default Global Settings                                                                                     ;
+-------------------------------------+---------------------------------+---------------+-------------+----------------+
; Assignment Name                     ; Value                           ; Default Value ; Entity Name ; Section Id     ;
+-------------------------------------+---------------------------------+---------------+-------------+----------------+
; COMPILER_SIGNATURE_ID               ; 159320639577556.133523623104016 ; --            ; --          ; --             ;
; EDA_OUTPUT_DATA_FORMAT              ; Vhdl                            ; --            ; --          ; eda_simulation ;
; EDA_SIMULATION_TOOL                 ; ModelSim-Altera (VHDL)          ; <None>        ; --          ; --             ;
; MAX_CORE_JUNCTION_TEMP              ; 85                              ; --            ; --          ; --             ;
; MIN_CORE_JUNCTION_TEMP              ; 0                               ; --            ; --          ; --             ;
; PARTITION_COLOR                     ; 16764057                        ; --            ; --          ; Top            ;
; PARTITION_FITTER_PRESERVATION_LEVEL ; PLACEMENT_AND_ROUTING           ; --            ; --          ; Top            ;
; PARTITION_NETLIST_TYPE              ; SOURCE                          ; --            ; --          ; Top            ;
+-------------------------------------+---------------------------------+---------------+-------------+----------------+


+-------------------------------------------------------------------------------------------------------------------------------+
; Flow Elapsed Time                                                                                                             ;
+---------------------------+--------------+-------------------------+---------------------+------------------------------------+
; Module Name               ; Elapsed Time ; Average Processors Used ; Peak Virtual Memory ; Total CPU Time (on all processors) ;
+---------------------------+--------------+-------------------------+---------------------+------------------------------------+
; Analysis & Synthesis      ; 00:02:06     ; 1.0                     ; 378 MB              ; 00:02:06                           ;
; Fitter                    ; 00:01:45     ; 1.0                     ; 546 MB              ; 00:01:45                           ;
; Assembler                 ; 00:00:04     ; 1.0                     ; 357 MB              ; 00:00:04                           ;
; TimeQuest Timing Analyzer ; 00:00:17     ; 1.0                     ; 423 MB              ; 00:00:17                           ;
; EDA Netlist Writer        ; 00:00:15     ; 1.0                     ; 433 MB              ; 00:00:15                           ;
; Total                     ; 00:04:27     ; --                      ; --                  ; 00:04:27                           ;
+---------------------------+--------------+-------------------------+---------------------+------------------------------------+


+----------------------------------------------------------------------------------------+
; Flow OS Summary                                                                        ;
+---------------------------+------------------+-----------+------------+----------------+
; Module Name               ; Machine Hostname ; OS Name   ; OS Version ; Processor type ;
+---------------------------+------------------+-----------+------------+----------------+
; Analysis & Synthesis      ; Eli-PC           ; Windows 7 ; 6.1        ; x86_64         ;
; Fitter                    ; Eli-PC           ; Windows 7 ; 6.1        ; x86_64         ;
; Assembler                 ; Eli-PC           ; Windows 7 ; 6.1        ; x86_64         ;
; TimeQuest Timing Analyzer ; Eli-PC           ; Windows 7 ; 6.1        ; x86_64         ;
; EDA Netlist Writer        ; Eli-PC           ; Windows 7 ; 6.1        ; x86_64         ;
+---------------------------+------------------+-----------+------------+----------------+


------------
; Flow Log ;
------------
quartus_map --read_settings_files=on --write_settings_files=off mips_cpu -c mips_cpu
quartus_fit --read_settings_files=off --write_settings_files=off mips_cpu -c mips_cpu
quartus_asm --read_settings_files=off --write_settings_files=off mips_cpu -c mips_cpu
quartus_sta mips_cpu -c mips_cpu
quartus_eda --read_settings_files=off --write_settings_files=off mips_cpu -c mips_cpu



